
===== Run Unknown Log =====
02:02:08.957 |  logger.py   | Line 401 | INFO ➤ Started
02:02:08.958 |  logger.py   | Line 402 | TRACE ➤ Trace
02:02:08.958 |  logger.py   | Line 403 | DEBUG ➤ Debug
02:02:08.958 |  logger.py   | Line 404 | INFO ➤ Info
02:02:08.958 |  logger.py   | Line 405 | SUCCESS ➤ Success
02:02:08.959 |  logger.py   | Line 406 | WARNING ➤ Warning
02:02:08.959 |  logger.py   | Line 407 | ERROR ➤ Error
02:02:08.959 |  logger.py   | Line 408 | CRITICAL ➤ Critical
02:02:09.533 |  logger.py   | Line 226 | TRACE ➤ Incrementing run count...
2025-06-20 at 11:56:05 | INFO | Rendering gradient for <rich.panel.Panel object at 0x1074b0590> with target width 180
2025-06-20 at 11:56:05 | INFO | Rendering gradient for <rich.panel.Panel object at 0x10745f610> with target width 180
2025-06-20 at 11:56:05 | INFO | Rendering gradient for <rich.console.Group object at 0x1074b06e0> with target width 180
2025-06-20 at 11:56:05 | INFO | Rendering gradient for <rich.console.Group object at 0x1074b06e0> with target width 180
2025-06-20 at 11:56:05 | INFO | Rendering gradient for <rich.console.Group object at 0x1074b06e0> with target width 180
2025-06-20 at 11:56:05 | INFO | Rendering gradient for <rich.console.Group object at 0x1074b06e0> with target width 180
2025-06-20 at 11:56:05 | INFO | Rendering gradient for <rich.console.Group object at 0x1074b06e0> with target width 180
2025-06-20 at 11:56:05 | INFO | Rendering gradient for <rich.console.Group object at 0x1074b06e0> with target width 180
2025-06-20 at 11:56:05 | INFO | Rendering gradient for <rich.console.Group object at 0x1074b06e0> with target width 180
2025-06-20 at 11:56:05 | INFO | Rendering gradient for <rich.console.Group object at 0x1074b06e0> with target width 180
2025-06-20 at 11:56:05 | INFO | Rendering gradient for <rich.console.Group object at 0x1074b06e0> with target width 180
2025-06-20 at 11:56:05 | INFO | Rendering gradient for <rich.console.Group object at 0x1074b06e0> with target width 180
2025-06-20 at 11:56:05 | INFO | Rendering gradient for <rich.console.Group object at 0x1074b06e0> with target width 180
2025-06-20 at 11:56:05 | INFO | Rendering gradient for <rich.console.Group object at 0x1074b06e0> with target width 180
2025-06-20 at 11:56:05 | INFO | Rendering gradient for <rich.console.Group object at 0x1074b06e0> with target width 180
2025-06-20 at 11:56:05 | INFO | Rendering gradient for <rich.console.Group object at 0x1074b06e0> with target width 180
2025-06-20 at 11:56:05 | INFO | Rendering gradient for <rich.console.Group object at 0x1074b06e0> with target width 180
2025-06-20 at 11:56:05 | INFO | Rendering gradient for <rich.console.Group object at 0x1074b06e0> with target width 180
2025-06-20 at 11:56:05 | INFO | Rendering gradient for <rich.console.Group object at 0x1074b06e0> with target width 180
2025-06-20 at 11:56:06 | INFO | Rendering gradient for <rich.console.Group object at 0x1074b06e0> with target width 180
2025-06-20 at 11:56:06 | INFO | Rendering gradient for <rich.console.Group object at 0x1074b06e0> with target width 180
2025-06-20 at 11:56:06 | INFO | Rendering gradient for <rich.console.Group object at 0x1074b06e0> with target width 180
2025-06-20 at 11:56:06 | INFO | Rendering gradient for <rich.console.Group object at 0x1074b06e0> with target width 180
2025-06-20 at 11:56:06 | INFO | Rendering gradient for <rich.console.Group object at 0x1074b06e0> with target width 180
2025-06-20 at 11:56:06 | INFO | Rendering gradient for <rich.console.Group object at 0x1074b06e0> with target width 180
2025-06-20 at 11:56:06 | INFO | Rendering gradient for <rich.console.Group object at 0x1074b06e0> with target width 180
2025-06-20 at 11:56:06 | INFO | Rendering gradient for <rich.console.Group object at 0x1074b06e0> with target width 180
2025-06-20 at 11:56:06 | INFO | Rendering gradient for <rich.console.Group object at 0x1074b06e0> with target width 180
2025-06-20 at 11:56:06 | INFO | Rendering gradient for <rich.console.Group object at 0x1074b06e0> with target width 180
2025-06-20 at 11:56:06 | INFO | Rendering gradient for <rich.console.Group object at 0x1074b06e0> with target width 180
2025-06-20 at 11:56:06 | INFO | Rendering gradient for <rich.console.Group object at 0x1074b06e0> with target width 180
2025-06-20 at 11:56:06 | INFO | Rendering gradient for <rich.console.Group object at 0x1074b06e0> with target width 180
2025-06-20 at 11:56:06 | INFO | Rendering gradient for <rich.console.Group object at 0x1074b06e0> with target width 180
2025-06-20 at 11:56:06 | INFO | Rendering gradient for <rich.console.Group object at 0x1074b06e0> with target width 180
2025-06-20 at 11:56:06 | INFO | Rendering gradient for <rich.console.Group object at 0x1074b06e0> with target width 180
2025-06-20 at 11:56:06 | INFO | Rendering gradient for <rich.console.Group object at 0x1074b06e0> with target width 180
2025-06-20 at 11:56:06 | INFO | Rendering gradient for <rich.console.Group object at 0x1074b06e0> with target width 180
2025-06-20 at 11:56:06 | INFO | Rendering gradient for <rich.console.Group object at 0x1074b06e0> with target width 180
2025-06-20 at 11:56:06 | INFO | Rendering gradient for <rich.console.Group object at 0x1074b06e0> with target width 180
2025-06-20 at 11:56:06 | INFO | Rendering gradient for <rich.console.Group object at 0x1074b06e0> with target width 180
2025-06-20 at 11:56:06 | INFO | Rendering gradient for <rich.console.Group object at 0x1074b06e0> with target width 180
2025-06-20 at 11:56:07 | INFO | Rendering gradient for <rich.console.Group object at 0x1074b06e0> with target width 180
2025-06-20 at 11:56:07 | INFO | Rendering gradient for <rich.console.Group object at 0x1074b06e0> with target width 180
2025-06-20 at 11:56:07 | INFO | Rendering gradient for <rich.console.Group object at 0x1074b06e0> with target width 180
2025-06-20 at 11:56:07 | INFO | Rendering gradient for <rich.console.Group object at 0x1074b06e0> with target width 180
2025-06-20 at 11:56:07 | INFO | Rendering gradient for <rich.console.Group object at 0x1074b06e0> with target width 180
2025-06-20 at 11:56:07 | INFO | Rendering gradient for <rich.console.Group object at 0x1074b06e0> with target width 180
2025-06-20 at 11:56:07 | INFO | Rendering gradient for <rich.console.Group object at 0x1074b06e0> with target width 180
2025-06-20 at 11:56:07 | INFO | Rendering gradient for <rich.console.Group object at 0x1074b06e0> with target width 180
2025-06-20 at 11:56:07 | INFO | Rendering gradient for <rich.console.Group object at 0x1074b06e0> with target width 180
2025-06-20 at 11:56:07 | INFO | Rendering gradient for <rich.console.Group object at 0x1074b06e0> with target width 180
2025-06-20 at 11:56:07 | INFO | Rendering gradient for <rich.console.Group object at 0x1074b06e0> with target width 180
2025-06-20 at 11:56:07 | INFO | Rendering gradient for <rich.console.Group object at 0x1074b06e0> with target width 180
2025-06-20 at 11:56:07 | INFO | Rendering gradient for <rich.console.Group object at 0x1074b06e0> with target width 180
2025-06-20 at 11:56:07 | INFO | Rendering gradient for <rich.console.Group object at 0x1074b06e0> with target width 180
2025-06-20 at 11:56:07 | INFO | Rendering gradient for <rich.console.Group object at 0x1074b06e0> with target width 180
2025-06-20 at 11:56:07 | INFO | Rendering gradient for <rich.console.Group object at 0x1074b06e0> with target width 180
2025-06-20 at 11:56:07 | INFO | Rendering gradient for <rich.console.Group object at 0x1074b06e0> with target width 180
2025-06-20 at 11:56:07 | INFO | Rendering gradient for <rich.console.Group object at 0x1074b06e0> with target width 180
2025-06-20 at 11:56:07 | INFO | Rendering gradient for <rich.console.Group object at 0x1074b06e0> with target width 180
2025-06-20 at 11:56:07 | INFO | Rendering gradient for <rich.console.Group object at 0x1074b06e0> with target width 180
2025-06-20 at 11:56:07 | INFO | Rendering gradient for <rich.console.Group object at 0x1074b06e0> with target width 180
2025-06-20 at 11:56:08 | INFO | Rendering gradient for <rich.console.Group object at 0x1074b06e0> with target width 180
2025-06-20 at 11:56:08 | INFO | Rendering gradient for <rich.console.Group object at 0x1074b06e0> with target width 180
2025-06-20 at 11:56:08 | INFO | Rendering gradient for <rich.console.Group object at 0x1074b06e0> with target width 180
2025-06-20 at 11:56:08 | INFO | Rendering gradient for <rich.console.Group object at 0x1074b06e0> with target width 180
2025-06-20 at 11:56:08 | INFO | Rendering gradient for <rich.console.Group object at 0x1074b06e0> with target width 180
2025-06-20 at 11:56:08 | INFO | Rendering gradient for <rich.console.Group object at 0x1074b06e0> with target width 180
2025-06-20 at 11:56:08 | INFO | Rendering gradient for <rich.console.Group object at 0x1074b06e0> with target width 180
2025-06-20 at 11:56:08 | INFO | Rendering gradient for <rich.console.Group object at 0x1074b06e0> with target width 180
2025-06-20 at 11:56:08 | INFO | Rendering gradient for <rich.console.Group object at 0x1074b06e0> with target width 180
2025-06-20 at 11:56:08 | INFO | Rendering gradient for <rich.console.Group object at 0x1074b06e0> with target width 180
2025-06-20 at 11:56:08 | INFO | Rendering gradient for <rich.console.Group object at 0x1074b06e0> with target width 180
2025-06-20 at 11:56:08 | INFO | Rendering gradient for <rich.console.Group object at 0x1074b06e0> with target width 180
2025-06-20 at 11:56:08 | INFO | Rendering gradient for <rich.console.Group object at 0x1074b06e0> with target width 180
2025-06-20 at 11:56:08 | INFO | Rendering gradient for <rich.console.Group object at 0x1074b06e0> with target width 180
2025-06-20 at 11:56:08 | INFO | Rendering gradient for <rich.console.Group object at 0x1074b06e0> with target width 180
2025-06-20 at 11:56:08 | INFO | Rendering gradient for <rich.console.Group object at 0x1074b06e0> with target width 180
2025-06-20 at 11:56:08 | INFO | Rendering gradient for <rich.console.Group object at 0x1074b06e0> with target width 180
2025-06-20 at 11:56:08 | INFO | Rendering gradient for <rich.console.Group object at 0x1074b06e0> with target width 180
2025-06-20 at 11:56:08 | INFO | Rendering gradient for <rich.console.Group object at 0x1074b06e0> with target width 180
2025-06-20 at 11:56:08 | INFO | Rendering gradient for <rich.console.Group object at 0x1074b06e0> with target width 180
2025-06-20 at 11:56:08 | INFO | Rendering gradient for <rich.console.Group object at 0x1074b06e0> with target width 180
2025-06-20 at 11:56:08 | INFO | Rendering gradient for <rich.console.Group object at 0x1074b06e0> with target width 180
2025-06-20 at 11:56:09 | INFO | Rendering gradient for <rich.console.Group object at 0x1074b06e0> with target width 180
2025-06-20 at 11:56:09 | INFO | Rendering gradient for <rich.console.Group object at 0x1074b06e0> with target width 180
2025-06-20 at 11:56:09 | INFO | Rendering gradient for <rich.console.Group object at 0x1074b06e0> with target width 180
2025-06-20 at 11:56:09 | INFO | Rendering gradient for <rich.console.Group object at 0x1074b06e0> with target width 180
2025-06-20 at 11:56:09 | INFO | Rendering gradient for <rich.console.Group object at 0x1074b06e0> with target width 180
2025-06-20 at 11:56:09 | INFO | Rendering gradient for <rich.console.Group object at 0x1074b06e0> with target width 180
2025-06-20 at 11:56:09 | INFO | Rendering gradient for <rich.console.Group object at 0x1074b06e0> with target width 180
2025-06-20 at 11:56:09 | INFO | Rendering gradient for <rich.console.Group object at 0x1074b06e0> with target width 180
2025-06-20 at 11:56:09 | INFO | Rendering gradient for <rich.console.Group object at 0x1074b06e0> with target width 180
2025-06-20 at 11:56:09 | INFO | Rendering gradient for <rich.console.Group object at 0x1074b06e0> with target width 180
2025-06-20 at 11:56:09 | INFO | Rendering gradient for <rich.console.Group object at 0x1074b06e0> with target width 180
2025-06-20 at 11:56:09 | INFO | Rendering gradient for <rich.console.Group object at 0x1074b06e0> with target width 180
2025-06-20 at 11:56:09 | INFO | Rendering gradient for <rich.console.Group object at 0x1074b06e0> with target width 180
2025-06-20 at 11:56:09 | INFO | Rendering gradient for <rich.console.Group object at 0x1074b06e0> with target width 180
2025-06-20 at 11:56:09 | INFO | Rendering gradient for <rich.console.Group object at 0x1074b06e0> with target width 180
2025-06-20 at 11:56:09 | INFO | Rendering gradient for <rich.console.Group object at 0x1074b06e0> with target width 180
2025-06-20 at 11:56:09 | INFO | Rendering gradient for <rich.console.Group object at 0x1074b06e0> with target width 180
2025-06-20 at 11:56:10 | INFO | Rendering gradient for <rich.console.Group object at 0x1074b06e0> with target width 180
2025-06-20 at 11:56:10 | INFO | Rendering gradient for <rich.console.Group object at 0x1074b06e0> with target width 180
2025-06-20 at 11:56:10 | INFO | Rendering gradient for <rich.console.Group object at 0x1074b06e0> with target width 180
2025-06-20 at 11:56:10 | INFO | Rendering gradient for <rich.console.Group object at 0x1074b06e0> with target width 180
2025-06-20 at 11:56:10 | INFO | Rendering gradient for <rich.console.Group object at 0x1074b06e0> with target width 180
2025-06-20 at 11:56:10 | INFO | Rendering gradient for <rich.console.Group object at 0x1074b06e0> with target width 180
2025-06-20 at 11:56:10 | INFO | Rendering gradient for <rich.console.Group object at 0x1074b06e0> with target width 180
2025-06-20 at 11:56:10 | INFO | Rendering gradient for <rich.console.Group object at 0x1074b06e0> with target width 180
2025-06-20 at 11:56:10 | INFO | Rendering gradient for <rich.console.Group object at 0x1074b06e0> with target width 180
2025-06-20 at 11:56:10 | INFO | Rendering gradient for <rich.console.Group object at 0x1074b06e0> with target width 180
2025-06-20 at 11:56:10 | INFO | Rendering gradient for <rich.console.Group object at 0x1074b06e0> with target width 180
2025-06-20 at 11:56:10 | INFO | Rendering gradient for <rich.console.Group object at 0x1074b06e0> with target width 180
2025-06-20 at 11:56:10 | INFO | Rendering gradient for <rich.console.Group object at 0x1074b06e0> with target width 180
2025-06-20 at 11:56:10 | INFO | Rendering gradient for <rich.console.Group object at 0x1074b06e0> with target width 180
2025-06-20 at 11:56:10 | INFO | Rendering gradient for <rich.console.Group object at 0x1074b06e0> with target width 180
2025-06-20 at 11:56:10 | INFO | Rendering gradient for <rich.console.Group object at 0x1074b06e0> with target width 180
2025-06-20 at 11:56:10 | INFO | Rendering gradient for <rich.console.Group object at 0x1074b06e0> with target width 180
2025-06-20 at 11:56:10 | INFO | Rendering gradient for <rich.console.Group object at 0x1074b06e0> with target width 180
2025-06-20 at 11:56:10 | INFO | Rendering gradient for <rich.console.Group object at 0x1074b06e0> with target width 180
2025-06-20 at 11:56:10 | INFO | Rendering gradient for <rich.console.Group object at 0x1074b06e0> with target width 180
2025-06-20 at 11:56:10 | INFO | Rendering gradient for <rich.console.Group object at 0x1074b06e0> with target width 180
2025-06-20 at 11:56:10 | INFO | Rendering gradient for <rich.console.Group object at 0x1074b06e0> with target width 180
2025-06-20 at 11:56:11 | INFO | Rendering gradient for <rich.console.Group object at 0x1074b06e0> with target width 180
2025-06-20 at 11:56:11 | INFO | Rendering gradient for <rich.console.Group object at 0x1074b06e0> with target width 180
2025-06-20 at 11:56:11 | INFO | Rendering gradient for <rich.console.Group object at 0x1074b06e0> with target width 180
2025-06-20 at 11:56:11 | INFO | Rendering gradient for <rich.console.Group object at 0x1074b06e0> with target width 180
2025-06-20 at 11:56:11 | INFO | Rendering gradient for <rich.console.Group object at 0x1074b06e0> with target width 180
2025-06-20 at 11:56:11 | INFO | Rendering gradient for <rich.console.Group object at 0x1074b06e0> with target width 180
2025-06-20 at 11:56:11 | INFO | Rendering gradient for <rich.console.Group object at 0x1074b06e0> with target width 180
2025-06-20 at 11:56:11 | INFO | Rendering gradient for <rich.console.Group object at 0x1074b06e0> with target width 180
2025-06-20 at 11:56:11 | INFO | Rendering gradient for <rich.console.Group object at 0x1074b06e0> with target width 180
2025-06-20 at 11:56:11 | INFO | Rendering gradient for <rich.console.Group object at 0x1074b06e0> with target width 180
2025-06-20 at 11:56:11 | INFO | Rendering gradient for <rich.console.Group object at 0x1074b06e0> with target width 180
2025-06-20 at 11:56:11 | INFO | Rendering gradient for <rich.console.Group object at 0x1074b06e0> with target width 180
2025-06-20 at 11:56:11 | INFO | Rendering gradient for <rich.console.Group object at 0x1074b06e0> with target width 180
2025-06-20 at 11:56:11 | INFO | Rendering gradient for <rich.console.Group object at 0x1074b06e0> with target width 180
2025-06-20 at 11:56:11 | INFO | Rendering gradient for <rich.console.Group object at 0x1074b06e0> with target width 180
2025-06-20 at 11:56:11 | INFO | Rendering gradient for <rich.console.Group object at 0x1074b06e0> with target width 180
2025-06-20 at 11:56:11 | INFO | Rendering gradient for <rich.console.Group object at 0x1074b06e0> with target width 180
2025-06-20 at 11:56:11 | INFO | Rendering gradient for <rich.console.Group object at 0x1074b06e0> with target width 180
2025-06-20 at 11:56:11 | INFO | Rendering gradient for <rich.console.Group object at 0x1074b06e0> with target width 180
2025-06-20 at 11:56:11 | INFO | Rendering gradient for <rich.console.Group object at 0x1074b06e0> with target width 180
2025-06-20 at 11:56:11 | INFO | Rendering gradient for <rich.console.Group object at 0x1074b06e0> with target width 180
2025-06-20 at 11:56:12 | INFO | Rendering gradient for <rich.console.Group object at 0x1074b06e0> with target width 180
2025-06-20 at 11:56:12 | INFO | Rendering gradient for <rich.console.Group object at 0x1074b06e0> with target width 180
2025-06-20 at 11:56:12 | INFO | Rendering gradient for <rich.console.Group object at 0x1074b06e0> with target width 180
2025-06-20 at 11:56:12 | INFO | Rendering gradient for <rich.console.Group object at 0x1074b06e0> with target width 180
2025-06-20 at 11:56:12 | INFO | Rendering gradient for <rich.console.Group object at 0x1074b06e0> with target width 180
2025-06-20 at 11:56:12 | INFO | Rendering gradient for <rich.console.Group object at 0x1074b06e0> with target width 180
2025-06-20 at 11:56:12 | INFO | Rendering gradient for <rich.console.Group object at 0x1074b06e0> with target width 180
2025-06-20 at 11:56:12 | INFO | Rendering gradient for <rich.console.Group object at 0x1074b06e0> with target width 180
2025-06-20 at 11:56:12 | INFO | Rendering gradient for <rich.console.Group object at 0x1074b06e0> with target width 180
2025-06-20 at 11:56:12 | INFO | Rendering gradient for <rich.console.Group object at 0x1074b06e0> with target width 180
2025-06-20 at 11:56:12 | INFO | Rendering gradient for <rich.console.Group object at 0x1074b06e0> with target width 180
2025-06-20 at 11:56:12 | INFO | Rendering gradient for <rich.console.Group object at 0x1074b06e0> with target width 180
2025-06-20 at 11:56:12 | INFO | Rendering gradient for <rich.console.Group object at 0x1074b06e0> with target width 180
2025-06-20 at 11:56:12 | INFO | Rendering gradient for <rich.console.Group object at 0x1074b06e0> with target width 180
2025-06-20 at 11:56:12 | INFO | Rendering gradient for <rich.console.Group object at 0x1074b06e0> with target width 180
2025-06-20 at 11:56:12 | INFO | Rendering gradient for <rich.console.Group object at 0x1074b06e0> with target width 180
2025-06-20 at 11:56:12 | INFO | Rendering gradient for <rich.console.Group object at 0x1074b06e0> with target width 180
2025-06-20 at 11:56:12 | INFO | Rendering gradient for <rich.console.Group object at 0x1074b06e0> with target width 180
2025-06-20 at 11:56:12 | INFO | Rendering gradient for <rich.console.Group object at 0x1074b06e0> with target width 180
2025-06-20 at 11:56:12 | INFO | Rendering gradient for <rich.console.Group object at 0x1074b06e0> with target width 180
2025-06-20 at 11:56:12 | INFO | Rendering gradient for <rich.console.Group object at 0x1074b06e0> with target width 180
2025-06-20 at 11:56:13 | INFO | Rendering gradient for <rich.console.Group object at 0x1074b06e0> with target width 180
2025-06-20 at 11:56:13 | INFO | Rendering gradient for <rich.console.Group object at 0x1074b06e0> with target width 180
2025-06-20 at 11:56:13 | INFO | Rendering gradient for <rich.console.Group object at 0x1074b06e0> with target width 180
2025-06-20 at 11:56:13 | INFO | Rendering gradient for <rich.console.Group object at 0x1074b06e0> with target width 180
2025-06-20 at 11:56:13 | INFO | Rendering gradient for <rich.console.Group object at 0x1074b06e0> with target width 180
2025-06-20 at 11:56:13 | INFO | Rendering gradient for <rich.console.Group object at 0x1074b06e0> with target width 180
2025-06-20 at 11:56:13 | INFO | Rendering gradient for <rich.console.Group object at 0x1074b06e0> with target width 180
2025-06-20 at 11:56:13 | INFO | Rendering gradient for <rich.console.Group object at 0x1074b06e0> with target width 180
2025-06-20 at 11:56:13 | INFO | Rendering gradient for <rich.console.Group object at 0x1074b06e0> with target width 180
2025-06-20 at 11:56:13 | INFO | Rendering gradient for <rich.console.Group object at 0x1074b06e0> with target width 180
2025-06-20 at 11:56:13 | INFO | Rendering gradient for <rich.console.Group object at 0x1074b06e0> with target width 180
2025-06-20 at 11:56:13 | INFO | Rendering gradient for <rich.console.Group object at 0x1074b06e0> with target width 180
2025-06-20 at 11:56:13 | INFO | Rendering gradient for <rich.console.Group object at 0x1074b06e0> with target width 180
2025-06-20 at 11:56:13 | INFO | Rendering gradient for <rich.console.Group object at 0x1074b06e0> with target width 180
2025-06-20 at 11:56:13 | INFO | Rendering gradient for <rich.console.Group object at 0x1074b06e0> with target width 180
2025-06-20 at 11:56:13 | INFO | Rendering gradient for <rich.console.Group object at 0x1074b06e0> with target width 180
2025-06-20 at 11:56:13 | INFO | Rendering gradient for <rich.console.Group object at 0x1074b06e0> with target width 180
2025-06-20 at 11:56:13 | INFO | Rendering gradient for <rich.console.Group object at 0x1074b06e0> with target width 180
2025-06-20 at 11:56:13 | INFO | Rendering gradient for <rich.console.Group object at 0x1074b06e0> with target width 180
2025-06-20 at 11:56:13 | INFO | Rendering gradient for <rich.console.Group object at 0x1074b06e0> with target width 180
2025-06-20 at 11:56:13 | INFO | Rendering gradient for <rich.console.Group object at 0x1074b06e0> with target width 180
2025-06-20 at 11:56:13 | INFO | Rendering gradient for <rich.console.Group object at 0x1074b06e0> with target width 180
2025-06-20 at 11:56:14 | INFO | Rendering gradient for <rich.console.Group object at 0x1074b06e0> with target width 180
2025-06-20 at 11:56:14 | INFO | Rendering gradient for <rich.console.Group object at 0x1074b06e0> with target width 180
2025-06-20 at 11:56:14 | INFO | Rendering gradient for <rich.console.Group object at 0x1074b06e0> with target width 180
2025-06-20 at 11:56:14 | INFO | Rendering gradient for <rich.console.Group object at 0x1074b06e0> with target width 180
2025-06-20 at 11:56:14 | INFO | Rendering gradient for <rich.console.Group object at 0x1074b06e0> with target width 180
2025-06-20 at 11:56:14 | INFO | Rendering gradient for <rich.console.Group object at 0x1074b06e0> with target width 180
2025-06-20 at 11:56:14 | INFO | Rendering gradient for <rich.console.Group object at 0x1074b06e0> with target width 180
2025-06-20 at 11:56:14 | INFO | Rendering gradient for <rich.console.Group object at 0x1074b06e0> with target width 180
2025-06-20 at 11:56:14 | INFO | Rendering gradient for <rich.console.Group object at 0x1074b06e0> with target width 180
2025-06-20 at 11:56:14 | INFO | Rendering gradient for <rich.console.Group object at 0x1074b06e0> with target width 180
2025-06-20 at 11:56:14 | INFO | Rendering gradient for <rich.console.Group object at 0x1074b06e0> with target width 180
2025-06-20 at 11:56:14 | INFO | Rendering gradient for <rich.console.Group object at 0x1074b06e0> with target width 180
2025-06-20 at 11:56:14 | INFO | Rendering gradient for <rich.console.Group object at 0x1074b06e0> with target width 180
2025-06-20 at 11:56:14 | INFO | Rendering gradient for <rich.console.Group object at 0x1074b06e0> with target width 180
2025-06-20 at 11:56:14 | INFO | Rendering gradient for <rich.console.Group object at 0x1074b06e0> with target width 180
2025-06-20 at 11:56:14 | INFO | Rendering gradient for <rich.console.Group object at 0x1074b06e0> with target width 180
2025-06-20 at 11:56:14 | INFO | Rendering gradient for <rich.console.Group object at 0x1074b06e0> with target width 180
2025-06-20 at 11:56:14 | INFO | Rendering gradient for <rich.console.Group object at 0x1074b06e0> with target width 180
2025-06-20 at 11:56:14 | INFO | Rendering gradient for <rich.console.Group object at 0x1074b06e0> with target width 180
2025-06-20 at 11:56:14 | INFO | Rendering gradient for <rich.console.Group object at 0x1074b06e0> with target width 180
2025-06-20 at 11:56:14 | INFO | Rendering gradient for <rich.console.Group object at 0x1074b06e0> with target width 180
2025-06-20 at 11:56:15 | INFO | Rendering gradient for <rich.console.Group object at 0x1074b06e0> with target width 180
2025-06-20 at 11:56:15 | INFO | Rendering gradient for <rich.console.Group object at 0x1074b06e0> with target width 180
2025-06-20 at 11:56:15 | INFO | Rendering gradient for <rich.console.Group object at 0x1074b06e0> with target width 180
2025-06-20 at 11:56:15 | INFO | Rendering gradient for <rich.console.Group object at 0x1074b06e0> with target width 180
2025-06-20 at 11:56:33 | INFO | Rendering gradient for <rich.panel.Panel object at 0x107304590> with target width 198
2025-06-20 at 11:56:33 | INFO | Rendering gradient for <rich.panel.Panel object at 0x1072b3610> with target width 198
2025-06-20 at 11:56:33 | INFO | Rendering gradient for <rich.console.Group object at 0x1073046e0> with target width 198
2025-06-20 at 11:56:33 | INFO | Rendering gradient for <rich.console.Group object at 0x1073046e0> with target width 198
2025-06-20 at 11:56:33 | INFO | Rendering gradient for <rich.console.Group object at 0x1073046e0> with target width 198
2025-06-20 at 11:56:34 | INFO | Rendering gradient for <rich.console.Group object at 0x1073046e0> with target width 198
2025-06-20 at 11:56:34 | INFO | Rendering gradient for <rich.console.Group object at 0x1073046e0> with target width 198
2025-06-20 at 11:56:34 | INFO | Rendering gradient for <rich.console.Group object at 0x1073046e0> with target width 198
2025-06-20 at 11:56:34 | INFO | Rendering gradient for <rich.console.Group object at 0x1073046e0> with target width 198
2025-06-20 at 11:56:34 | INFO | Rendering gradient for <rich.console.Group object at 0x1073046e0> with target width 198
2025-06-20 at 11:56:34 | INFO | Rendering gradient for <rich.console.Group object at 0x1073046e0> with target width 198
2025-06-20 at 11:56:34 | INFO | Rendering gradient for <rich.console.Group object at 0x1073046e0> with target width 198
2025-06-20 at 11:56:34 | INFO | Rendering gradient for <rich.console.Group object at 0x1073046e0> with target width 198
2025-06-20 at 11:56:34 | INFO | Rendering gradient for <rich.console.Group object at 0x1073046e0> with target width 198
2025-06-20 at 11:56:34 | INFO | Rendering gradient for <rich.console.Group object at 0x1073046e0> with target width 198
2025-06-20 at 11:56:34 | INFO | Rendering gradient for <rich.console.Group object at 0x1073046e0> with target width 198
2025-06-20 at 11:56:34 | INFO | Rendering gradient for <rich.console.Group object at 0x1073046e0> with target width 198
2025-06-20 at 11:56:34 | INFO | Rendering gradient for <rich.console.Group object at 0x1073046e0> with target width 198
2025-06-20 at 11:56:34 | INFO | Rendering gradient for <rich.console.Group object at 0x1073046e0> with target width 198
2025-06-20 at 11:56:34 | INFO | Rendering gradient for <rich.console.Group object at 0x1073046e0> with target width 198
2025-06-20 at 11:56:34 | INFO | Rendering gradient for <rich.console.Group object at 0x1073046e0> with target width 198
2025-06-20 at 11:56:34 | INFO | Rendering gradient for <rich.console.Group object at 0x1073046e0> with target width 198
2025-06-20 at 11:56:34 | INFO | Rendering gradient for <rich.console.Group object at 0x1073046e0> with target width 198
2025-06-20 at 11:56:34 | INFO | Rendering gradient for <rich.console.Group object at 0x1073046e0> with target width 198
2025-06-20 at 11:56:34 | INFO | Rendering gradient for <rich.console.Group object at 0x1073046e0> with target width 198
2025-06-20 at 11:56:34 | INFO | Rendering gradient for <rich.console.Group object at 0x1073046e0> with target width 198
2025-06-20 at 11:56:34 | INFO | Rendering gradient for <rich.console.Group object at 0x1073046e0> with target width 198
2025-06-20 at 11:56:35 | INFO | Rendering gradient for <rich.console.Group object at 0x1073046e0> with target width 198
2025-06-20 at 11:56:35 | INFO | Rendering gradient for <rich.console.Group object at 0x1073046e0> with target width 198
2025-06-20 at 11:56:35 | INFO | Rendering gradient for <rich.console.Group object at 0x1073046e0> with target width 198
2025-06-20 at 11:56:35 | INFO | Rendering gradient for <rich.console.Group object at 0x1073046e0> with target width 198
2025-06-20 at 11:56:35 | INFO | Rendering gradient for <rich.console.Group object at 0x1073046e0> with target width 198
2025-06-20 at 11:56:35 | INFO | Rendering gradient for <rich.console.Group object at 0x1073046e0> with target width 198
2025-06-20 at 11:56:35 | INFO | Rendering gradient for <rich.console.Group object at 0x1073046e0> with target width 198
2025-06-20 at 11:56:35 | INFO | Rendering gradient for <rich.console.Group object at 0x1073046e0> with target width 198
2025-06-20 at 11:56:35 | INFO | Rendering gradient for <rich.console.Group object at 0x1073046e0> with target width 198
2025-06-20 at 11:56:35 | INFO | Rendering gradient for <rich.console.Group object at 0x1073046e0> with target width 198
