This file contains any messages produced by compilers while
running configure, to aid debugging if configure makes a mistake.

It was created by curlInterface configure GAP package, which was
generated by GNU Autoconf 2.72.  Invocation command line was

  $ ./configure --with-gaproot=/host/sage-musllinux_1_2_x86_64/lib/gap/

## --------- ##
## Platform. ##
## --------- ##

hostname = 6dda408c3111
uname -m = x86_64
uname -r = 6.11.0-1018-azure
uname -s = Linux
uname -v = #18~24.04.1-Ubuntu SMP Sat Jun 28 04:46:03 UTC 2025

/usr/bin/uname -p = unknown
/bin/uname -X     = unknown

/bin/arch              = x86_64
/usr/bin/arch -k       = unknown
/usr/convex/getsysinfo = unknown
/usr/bin/hostinfo      = unknown
/bin/machine           = unknown
/usr/bin/oslevel       = unknown
/bin/universe          = unknown

PATH: /host/sage-musllinux_1_2_x86_64/libexec/ccache/
PATH: /project/build/bin/
PATH: /project/tools/
PATH: /host/sage-musllinux_1_2_x86_64/var/lib/sage/venv-python3.9/bin/
PATH: /host/sage-musllinux_1_2_x86_64/bin/
PATH: /host/sage-musllinux_1_2_x86_64/libexec/ccache/
PATH: /project/build/bin/
PATH: /project/tools/
PATH: /host/sage-musllinux_1_2_x86_64/bin/
PATH: /project/src/bin/
PATH: /host/sage-musllinux_1_2_x86_64/bin/
PATH: /project/build/bin/
PATH: /project/src/bin/
PATH: /host/sage-musllinux_1_2_x86_64/bin/
PATH: /project/prefix/bin/
PATH: /opt/python/cp39-cp39/bin/
PATH: /usr/local/sbin/
PATH: /usr/local/bin/
PATH: /usr/sbin/
PATH: /usr/bin/
PATH: /sbin/
PATH: /bin/


## ----------- ##
## Core tests. ##
## ----------- ##

configure:2365: checking for gcc
configure:2398: result: gcc
configure:2757: checking for C compiler version
configure:2766: gcc --version >&5
gcc (Alpine 14.2.0) 14.2.0
Copyright (C) 2024 Free Software Foundation, Inc.
This is free software; see the source for copying conditions.  There is NO
warranty; not even for MERCHANTABILITY or FITNESS FOR A PARTICULAR PURPOSE.

configure:2777: $? = 0
configure:2766: gcc -v >&5
Using built-in specs.
COLLECT_GCC=/usr/bin/gcc
COLLECT_LTO_WRAPPER=/usr/libexec/gcc/x86_64-alpine-linux-musl/14.2.0/lto-wrapper
Target: x86_64-alpine-linux-musl
Configured with: /home/buildozer/aports/main/gcc/src/gcc-14.2.0/configure --prefix=/usr --mandir=/usr/share/man --infodir=/usr/share/info --build=x86_64-alpine-linux-musl --host=x86_64-alpine-linux-musl --target=x86_64-alpine-linux-musl --enable-checking=release --disable-cet --disable-fixed-point --disable-libstdcxx-pch --disable-multilib --disable-nls --disable-werror --disable-symvers --enable-__cxa_atexit --enable-default-pie --enable-default-ssp --enable-languages=c,c++,d,objc,go,fortran,ada --enable-link-serialization=2 --enable-linker-build-id --disable-libssp --disable-libsanitizer --enable-shared --enable-threads --enable-tls --with-bugurl=https://gitlab.alpinelinux.org/alpine/aports/-/issues --with-system-zlib --with-linker-hash-style=gnu --with-pkgversion='Alpine 14.2.0'
Thread model: posix
Supported LTO compression algorithms: zlib
gcc version 14.2.0 (Alpine 14.2.0) 
configure:2777: $? = 0
configure:2766: gcc -V >&5
gcc: error: unrecognized command-line option '-V'
gcc: fatal error: no input files
compilation terminated.
configure:2777: $? = 1
configure:2766: gcc -qversion >&5
gcc: error: unrecognized command-line option '-qversion'; did you mean '--version'?
gcc: fatal error: no input files
compilation terminated.
configure:2777: $? = 1
configure:2766: gcc -version >&5
gcc: error: unrecognized command-line option '-version'
gcc: fatal error: no input files
compilation terminated.
configure:2777: $? = 1
configure:2797: checking whether the C compiler works
configure:2819: gcc -g -O2 -std=gnu17 -Wno-implicit-function-declaration  -Wl,-rpath-link,/host/sage-musllinux_1_2_x86_64/lib -L/host/sage-musllinux_1_2_x86_64/lib -Wl,-rpath,/host/sage-musllinux_1_2_x86_64/lib -Wl,-rpath-link,/host/sage-musllinux_1_2_x86_64/lib -L/host/sage-musllinux_1_2_x86_64/lib -Wl,-rpath,/host/sage-musllinux_1_2_x86_64/lib  conftest.c  >&5
configure:2823: $? = 0
configure:2874: result: yes
configure:2878: checking for C compiler default output file name
configure:2880: result: a.out
configure:2886: checking for suffix of executables
configure:2893: gcc -o conftest -g -O2 -std=gnu17 -Wno-implicit-function-declaration  -Wl,-rpath-link,/host/sage-musllinux_1_2_x86_64/lib -L/host/sage-musllinux_1_2_x86_64/lib -Wl,-rpath,/host/sage-musllinux_1_2_x86_64/lib -Wl,-rpath-link,/host/sage-musllinux_1_2_x86_64/lib -L/host/sage-musllinux_1_2_x86_64/lib -Wl,-rpath,/host/sage-musllinux_1_2_x86_64/lib  conftest.c  >&5
configure:2897: $? = 0
configure:2921: result: 
configure:2945: checking whether we are cross compiling
configure:2953: gcc -o conftest -g -O2 -std=gnu17 -Wno-implicit-function-declaration  -Wl,-rpath-link,/host/sage-musllinux_1_2_x86_64/lib -L/host/sage-musllinux_1_2_x86_64/lib -Wl,-rpath,/host/sage-musllinux_1_2_x86_64/lib -Wl,-rpath-link,/host/sage-musllinux_1_2_x86_64/lib -L/host/sage-musllinux_1_2_x86_64/lib -Wl,-rpath,/host/sage-musllinux_1_2_x86_64/lib  conftest.c  >&5
configure:2957: $? = 0
configure:2964: ./conftest
configure:2968: $? = 0
configure:2983: result: no
configure:2989: checking for suffix of object files
configure:3012: gcc -c -g -O2 -std=gnu17 -Wno-implicit-function-declaration  conftest.c >&5
configure:3016: $? = 0
configure:3040: result: o
configure:3044: checking whether the compiler supports GNU C
configure:3064: gcc -c -g -O2 -std=gnu17 -Wno-implicit-function-declaration  conftest.c >&5
configure:3064: $? = 0
configure:3076: result: yes
configure:3087: checking whether gcc accepts -g
configure:3108: gcc -c -g  conftest.c >&5
configure:3108: $? = 0
configure:3155: result: yes
configure:3175: checking for gcc option to enable C11 features
configure:3190: gcc  -c -g -O2 -std=gnu17 -Wno-implicit-function-declaration  conftest.c >&5
configure:3190: $? = 0
configure:3209: result: none needed
configure:3350: checking for GAP root directory
configure:3367: result: /host/sage-musllinux_1_2_x86_64/lib/gap
configure:3391: checking for GAP architecture
configure:3398: result: x86_64-pc-linux-musl-default64-kv9
configure:3487: checking for gawk
configure:3523: result: no
configure:3487: checking for mawk
configure:3523: result: no
configure:3487: checking for nawk
configure:3523: result: no
configure:3487: checking for awk
configure:3508: found /usr/bin/awk
configure:3520: result: awk
configure:3588: checking for curl-config
configure:3627: result: no
configure:3707: checking whether libcurl is usable
configure:3742: gcc -o conftest -g -O2 -std=gnu17 -Wno-implicit-function-declaration   -Wl,-rpath-link,/host/sage-musllinux_1_2_x86_64/lib -L/host/sage-musllinux_1_2_x86_64/lib -Wl,-rpath,/host/sage-musllinux_1_2_x86_64/lib -Wl,-rpath-link,/host/sage-musllinux_1_2_x86_64/lib -L/host/sage-musllinux_1_2_x86_64/lib -Wl,-rpath,/host/sage-musllinux_1_2_x86_64/lib  conftest.c  -lcurl  >&5
conftest.c:9:10: fatal error: curl/curl.h: No such file or directory
    9 | #include <curl/curl.h>
      |          ^~~~~~~~~~~~~
compilation terminated.
configure:3742: $? = 1
configure: failed program was:
| /* confdefs.h */
| #define PACKAGE_NAME "curlInterface"
| #define PACKAGE_TARNAME "curlinterface"
| #define PACKAGE_VERSION "GAP package"
| #define PACKAGE_STRING "curlInterface GAP package"
| #define PACKAGE_BUGREPORT ""
| #define PACKAGE_URL ""
| /* end confdefs.h.  */
| #include <curl/curl.h>
| int
| main (void)
| {
| 
| /* Try and use a few common options to force a failure if we are
|    missing symbols or can't link. */
| int x;
| curl_easy_setopt(NULL,CURLOPT_URL,NULL);
| x=CURL_ERROR_SIZE;
| x=CURLOPT_WRITEFUNCTION;
| x=CURLOPT_WRITEDATA;
| x=CURLOPT_ERRORBUFFER;
| x=CURLOPT_STDERR;
| x=CURLOPT_VERBOSE;
| if (x) {;}
| 
|   ;
|   return 0;
| }
configure:3759: result: no
configure:3852: error: libcurl development files required

## ---------------- ##
## Cache variables. ##
## ---------------- ##

ac_cv_c_compiler_gnu='yes'
ac_cv_env_CC_set='set'
ac_cv_env_CC_value='gcc'
ac_cv_env_CFLAGS_set='set'
ac_cv_env_CFLAGS_value='-g -O2 -std=gnu17 -Wno-implicit-function-declaration'
ac_cv_env_CPPFLAGS_set=''
ac_cv_env_CPPFLAGS_value=''
ac_cv_env_LDFLAGS_set='set'
ac_cv_env_LDFLAGS_value='-Wl,-rpath-link,/host/sage-musllinux_1_2_x86_64/lib -L/host/sage-musllinux_1_2_x86_64/lib -Wl,-rpath,/host/sage-musllinux_1_2_x86_64/lib -Wl,-rpath-link,/host/sage-musllinux_1_2_x86_64/lib -L/host/sage-musllinux_1_2_x86_64/lib -Wl,-rpath,/host/sage-musllinux_1_2_x86_64/lib '
ac_cv_env_LIBS_set=''
ac_cv_env_LIBS_value=''
ac_cv_env_build_alias_set=''
ac_cv_env_build_alias_value=''
ac_cv_env_host_alias_set=''
ac_cv_env_host_alias_value=''
ac_cv_env_target_alias_set=''
ac_cv_env_target_alias_value=''
ac_cv_objext='o'
ac_cv_prog_AWK='awk'
ac_cv_prog_ac_ct_CC='gcc'
ac_cv_prog_cc_c11=''
ac_cv_prog_cc_g='yes'
ac_cv_prog_cc_stdc=''
libcurl_cv_lib_curl_usable='no'

## ----------------- ##
## Output variables. ##
## ----------------- ##

AWK='awk'
CC='gcc'
CFLAGS='-g -O2 -std=gnu17 -Wno-implicit-function-declaration'
CPPFLAGS=''
DEFS=''
ECHO_C=''
ECHO_N='-n'
ECHO_T=''
EXEEXT=''
GAPARCH='x86_64-pc-linux-musl-default64-kv9'
GAPROOT='/host/sage-musllinux_1_2_x86_64/lib/gap'
GAP_CFLAGS=' -pthread -g -O2'
GAP_CPPFLAGS='-I/host/sage-musllinux_1_2_x86_64/include/gap -I/host/sage-musllinux_1_2_x86_64/include -DUSE_GASMAN=1 -I/src'
GAP_LDFLAGS=''
LDFLAGS='-Wl,-rpath-link,/host/sage-musllinux_1_2_x86_64/lib -L/host/sage-musllinux_1_2_x86_64/lib -Wl,-rpath,/host/sage-musllinux_1_2_x86_64/lib -Wl,-rpath-link,/host/sage-musllinux_1_2_x86_64/lib -L/host/sage-musllinux_1_2_x86_64/lib -Wl,-rpath,/host/sage-musllinux_1_2_x86_64/lib '
LIBCURL=''
LIBCURL_CPPFLAGS=''
LIBOBJS=''
LIBS=''
LTLIBOBJS=''
OBJEXT='o'
PACKAGE_BUGREPORT=''
PACKAGE_NAME='curlInterface'
PACKAGE_STRING='curlInterface GAP package'
PACKAGE_TARNAME='curlinterface'
PACKAGE_URL=''
PACKAGE_VERSION='GAP package'
PATH_SEPARATOR=':'
SHELL='/bin/sh'
_libcurl_config=''
ac_ct_CC='gcc'
bindir='${exec_prefix}/bin'
build_alias=''
datadir='${datarootdir}'
datarootdir='${prefix}/share'
docdir='${datarootdir}/doc/${PACKAGE_TARNAME}'
dvidir='${docdir}'
exec_prefix='NONE'
host_alias=''
htmldir='${docdir}'
includedir='${prefix}/include'
infodir='${datarootdir}/info'
libdir='${exec_prefix}/lib'
libexecdir='${exec_prefix}/libexec'
localedir='${datarootdir}/locale'
localstatedir='${prefix}/var'
mandir='${datarootdir}/man'
oldincludedir='/usr/include'
pdfdir='${docdir}'
prefix='NONE'
program_transform_name='s,x,x,'
psdir='${docdir}'
runstatedir='${localstatedir}/run'
sbindir='${exec_prefix}/sbin'
sharedstatedir='${prefix}/com'
sysconfdir='${prefix}/etc'
target_alias=''

## ----------- ##
## confdefs.h. ##
## ----------- ##

/* confdefs.h */
#define PACKAGE_NAME "curlInterface"
#define PACKAGE_TARNAME "curlinterface"
#define PACKAGE_VERSION "GAP package"
#define PACKAGE_STRING "curlInterface GAP package"
#define PACKAGE_BUGREPORT ""
#define PACKAGE_URL ""

configure: exit 1
